[INFO] Scanning for projects...
[INFO] 
[INFO] ------------------------< iso25.g05:esi_media >-------------------------
[INFO] Building esi_media 0.0.1-SNAPSHOT
[INFO]   from pom.xml
[INFO] --------------------------------[ jar ]---------------------------------
[INFO] 
[INFO] >>> spring-boot:3.5.7-SNAPSHOT:run (default-cli) > test-compile @ esi_media >>>
[INFO] 
[INFO] --- resources:3.3.1:resources (default-resources) @ esi_media ---
[INFO] Copying 1 resource from src/main/resources to target/classes
[INFO] Copying 0 resource from src/main/resources to target/classes
[INFO] 
[INFO] --- compiler:3.14.0:compile (default-compile) @ esi_media ---
[INFO] Nothing to compile - all classes are up to date.
[INFO] 
[INFO] --- resources:3.3.1:testResources (default-testResources) @ esi_media ---
[INFO] skip non existing resourceDirectory /Users/alvaromozos/Desktop/PROYECTO UNIFICADO /Backend-ESI-MEDIA-G05/esi_media/src/test/resources
[INFO] 
[INFO] --- compiler:3.14.0:testCompile (default-testCompile) @ esi_media ---
[INFO] Nothing to compile - all classes are up to date.
[INFO] 
[INFO] <<< spring-boot:3.5.7-SNAPSHOT:run (default-cli) < test-compile @ esi_media <<<
[INFO] 
[INFO] 
[INFO] --- spring-boot:3.5.7-SNAPSHOT:run (default-cli) @ esi_media ---
[INFO] Attaching agents: []

  .   ____          _            __ _ _
 /\\ / ___'_ __ _ _(_)_ __  __ _ \ \ \ \
( ( )\___ | '_ | '_| | '_ \/ _` | \ \ \ \
 \\/  ___)| |_)| | | | | || (_| |  ) ) ) )
  '  |____| .__|_| |_|_| |_\__, | / / / /
 =========|_|==============|___/=/_/_/_/

 :: Spring Boot ::       (v3.5.7-SNAPSHOT)

2025-10-08T17:07:29.654+02:00  INFO 92316 --- [esi_media] [           main] i.g05.esi_media.EsiMediaApplication      : Starting EsiMediaApplication using Java 23.0.1 with PID 92316 (/Users/alvaromozos/Desktop/PROYECTO UNIFICADO /Backend-ESI-MEDIA-G05/esi_media/target/classes started by alvaromozos in /Users/alvaromozos/Desktop/PROYECTO UNIFICADO /Backend-ESI-MEDIA-G05/esi_media)
2025-10-08T17:07:29.655+02:00  INFO 92316 --- [esi_media] [           main] i.g05.esi_media.EsiMediaApplication      : No active profile set, falling back to 1 default profile: "default"
2025-10-08T17:07:29.912+02:00  INFO 92316 --- [esi_media] [           main] .s.d.r.c.RepositoryConfigurationDelegate : Bootstrapping Spring Data MongoDB repositories in DEFAULT mode.
2025-10-08T17:07:29.948+02:00  INFO 92316 --- [esi_media] [           main] .s.d.r.c.RepositoryConfigurationDelegate : Finished Spring Data repository scanning in 33 ms. Found 11 MongoDB repository interfaces.
2025-10-08T17:07:30.113+02:00  INFO 92316 --- [esi_media] [           main] o.s.b.w.embedded.tomcat.TomcatWebServer  : Tomcat initialized with port 8080 (http)
2025-10-08T17:07:30.123+02:00  INFO 92316 --- [esi_media] [           main] o.apache.catalina.core.StandardService   : Starting service [Tomcat]
2025-10-08T17:07:30.123+02:00  INFO 92316 --- [esi_media] [           main] o.apache.catalina.core.StandardEngine    : Starting Servlet engine: [Apache Tomcat/10.1.46]
2025-10-08T17:07:30.145+02:00  INFO 92316 --- [esi_media] [           main] o.a.c.c.C.[Tomcat].[localhost].[/]       : Initializing Spring embedded WebApplicationContext
2025-10-08T17:07:30.146+02:00  INFO 92316 --- [esi_media] [           main] w.s.c.ServletWebServerApplicationContext : Root WebApplicationContext: initialization completed in 468 ms
2025-10-08T17:07:30.303+02:00  INFO 92316 --- [esi_media] [           main] org.mongodb.driver.client                : MongoClient with metadata {"driver": {"name": "mongo-java-driver|sync|spring-boot", "version": "5.5.1"}, "os": {"type": "Darwin", "name": "Mac OS X", "architecture": "aarch64", "version": "15.5"}, "platform": "Java/Homebrew/23.0.1"} created with settings MongoClientSettings{readPreference=primary, writeConcern=WriteConcern{w=null, wTimeout=null ms, journal=null}, retryWrites=true, retryReads=true, readConcern=ReadConcern{level=null}, credential=MongoCredential{mechanism=null, userName='adminESIMedia', source='admin', password=<hidden>, mechanismProperties=<hidden>}, transportSettings=null, commandListeners=[], codecRegistry=ProvidersCodecRegistry{codecProviders=[ValueCodecProvider{}, BsonValueCodecProvider{}, DBRefCodecProvider{}, DBObjectCodecProvider{}, DocumentCodecProvider{}, CollectionCodecProvider{}, IterableCodecProvider{}, MapCodecProvider{}, GeoJsonCodecProvider{}, GridFSFileCodecProvider{}, Jsr310CodecProvider{}, JsonObjectCodecProvider{}, BsonCodecProvider{}, EnumCodecProvider{}, com.mongodb.client.model.mql.ExpressionCodecProvider@63cf9de0, com.mongodb.Jep395RecordCodecProvider@594d9f07, com.mongodb.KotlinCodecProvider@5befbac1]}, loggerSettings=LoggerSettings{maxDocumentLength=1000}, clusterSettings={hosts=[127.0.0.1:27017], srvHost=esimediacluster.qtbnyf4.mongodb.net, srvServiceName=mongodb, mode=MULTIPLE, requiredClusterType=REPLICA_SET, requiredReplicaSetName='atlas-jfa5k3-shard-0', serverSelector='null', clusterListeners='[]', serverSelectionTimeout='30000 ms', localThreshold='15 ms'}, socketSettings=SocketSettings{connectTimeoutMS=10000, readTimeoutMS=0, receiveBufferSize=0, proxySettings=ProxySettings{host=null, port=null, username=null, password=null}}, heartbeatSocketSettings=SocketSettings{connectTimeoutMS=10000, readTimeoutMS=10000, receiveBufferSize=0, proxySettings=ProxySettings{host=null, port=null, username=null, password=null}}, connectionPoolSettings=ConnectionPoolSettings{maxSize=100, minSize=0, maxWaitTimeMS=120000, maxConnectionLifeTimeMS=0, maxConnectionIdleTimeMS=0, maintenanceInitialDelayMS=0, maintenanceFrequencyMS=60000, connectionPoolListeners=[], maxConnecting=2}, serverSettings=ServerSettings{heartbeatFrequencyMS=10000, minHeartbeatFrequencyMS=500, serverMonitoringMode=AUTO, serverListeners='[]', serverMonitorListeners='[]'}, sslSettings=SslSettings{enabled=true, invalidHostNameAllowed=false, context=null}, applicationName='null', compressorList=[], uuidRepresentation=JAVA_LEGACY, serverApi=null, autoEncryptionSettings=null, dnsClient=null, inetAddressResolver=null, contextProvider=null, timeoutMS=null}
2025-10-08T17:07:30.338+02:00  INFO 92316 --- [esi_media] [yf4.mongodb.net] org.mongodb.driver.cluster               : Adding discovered server ac-pjxbwoi-shard-00-01.qtbnyf4.mongodb.net:27017 to client view of cluster
2025-10-08T17:07:30.349+02:00  INFO 92316 --- [esi_media] [yf4.mongodb.net] org.mongodb.driver.cluster               : Adding discovered server ac-pjxbwoi-shard-00-02.qtbnyf4.mongodb.net:27017 to client view of cluster
2025-10-08T17:07:30.351+02:00  INFO 92316 --- [esi_media] [yf4.mongodb.net] org.mongodb.driver.cluster               : Adding discovered server ac-pjxbwoi-shard-00-00.qtbnyf4.mongodb.net:27017 to client view of cluster
2025-10-08T17:07:30.623+02:00  INFO 92316 --- [esi_media] [           main] o.s.b.w.embedded.tomcat.TomcatWebServer  : Tomcat started on port 8080 (http) with context path '/'
2025-10-08T17:07:30.628+02:00  INFO 92316 --- [esi_media] [           main] i.g05.esi_media.EsiMediaApplication      : Started EsiMediaApplication in 1.156 seconds (process running for 1.299)
2025-10-08T17:07:30.758+02:00  INFO 92316 --- [esi_media] [ngodb.net:27017] org.mongodb.driver.cluster               : Monitor thread successfully connected to server with description ServerDescription{address=ac-pjxbwoi-shard-00-00.qtbnyf4.mongodb.net:27017, type=REPLICA_SET_SECONDARY, cryptd=false, state=CONNECTED, ok=true, minWireVersion=0, maxWireVersion=25, maxDocumentSize=16777216, logicalSessionTimeoutMinutes=30, roundTripTimeNanos=195709458, minRoundTripTimeNanos=0, setName='atlas-jfa5k3-shard-0', canonicalAddress=ac-pjxbwoi-shard-00-00.qtbnyf4.mongodb.net:27017, hosts=[ac-pjxbwoi-shard-00-00.qtbnyf4.mongodb.net:27017, ac-pjxbwoi-shard-00-01.qtbnyf4.mongodb.net:27017, ac-pjxbwoi-shard-00-02.qtbnyf4.mongodb.net:27017], passives=[], arbiters=[], primary='ac-pjxbwoi-shard-00-01.qtbnyf4.mongodb.net:27017', tagSet=TagSet{[Tag{name='diskState', value='READY'}, Tag{name='nodeType', value='ELECTABLE'}, Tag{name='provider', value='AZURE'}, Tag{name='region', value='EUROPE_NORTH'}, Tag{name='workloadType', value='OPERATIONAL'}]}, electionId=null, setVersion=146, topologyVersion=TopologyVersion{processId=68e3f315e4afc73bd6ee2c60, counter=4}, lastWriteDate=Wed Oct 08 17:07:30 CEST 2025, lastUpdateTimeNanos=1104636545231833}
2025-10-08T17:07:30.758+02:00  INFO 92316 --- [esi_media] [ngodb.net:27017] org.mongodb.driver.cluster               : Monitor thread successfully connected to server with description ServerDescription{address=ac-pjxbwoi-shard-00-02.qtbnyf4.mongodb.net:27017, type=REPLICA_SET_SECONDARY, cryptd=false, state=CONNECTED, ok=true, minWireVersion=0, maxWireVersion=25, maxDocumentSize=16777216, logicalSessionTimeoutMinutes=30, roundTripTimeNanos=195709375, minRoundTripTimeNanos=0, setName='atlas-jfa5k3-shard-0', canonicalAddress=ac-pjxbwoi-shard-00-02.qtbnyf4.mongodb.net:27017, hosts=[ac-pjxbwoi-shard-00-00.qtbnyf4.mongodb.net:27017, ac-pjxbwoi-shard-00-01.qtbnyf4.mongodb.net:27017, ac-pjxbwoi-shard-00-02.qtbnyf4.mongodb.net:27017], passives=[], arbiters=[], primary='ac-pjxbwoi-shard-00-01.qtbnyf4.mongodb.net:27017', tagSet=TagSet{[Tag{name='diskState', value='READY'}, Tag{name='nodeType', value='ELECTABLE'}, Tag{name='provider', value='AZURE'}, Tag{name='region', value='EUROPE_NORTH'}, Tag{name='workloadType', value='OPERATIONAL'}]}, electionId=null, setVersion=146, topologyVersion=TopologyVersion{processId=68e3f920a43ef45df6258c72, counter=3}, lastWriteDate=Wed Oct 08 17:07:30 CEST 2025, lastUpdateTimeNanos=1104636545231833}
2025-10-08T17:07:30.779+02:00  INFO 92316 --- [esi_media] [ngodb.net:27017] org.mongodb.driver.cluster               : Monitor thread successfully connected to server with description ServerDescription{address=ac-pjxbwoi-shard-00-01.qtbnyf4.mongodb.net:27017, type=REPLICA_SET_PRIMARY, cryptd=false, state=CONNECTED, ok=true, minWireVersion=0, maxWireVersion=25, maxDocumentSize=16777216, logicalSessionTimeoutMinutes=30, roundTripTimeNanos=202327500, minRoundTripTimeNanos=0, setName='atlas-jfa5k3-shard-0', canonicalAddress=ac-pjxbwoi-shard-00-01.qtbnyf4.mongodb.net:27017, hosts=[ac-pjxbwoi-shard-00-00.qtbnyf4.mongodb.net:27017, ac-pjxbwoi-shard-00-01.qtbnyf4.mongodb.net:27017, ac-pjxbwoi-shard-00-02.qtbnyf4.mongodb.net:27017], passives=[], arbiters=[], primary='ac-pjxbwoi-shard-00-01.qtbnyf4.mongodb.net:27017', tagSet=TagSet{[Tag{name='diskState', value='READY'}, Tag{name='nodeType', value='ELECTABLE'}, Tag{name='provider', value='AZURE'}, Tag{name='region', value='EUROPE_NORTH'}, Tag{name='workloadType', value='OPERATIONAL'}]}, electionId=7fffffff0000000000000290, setVersion=146, topologyVersion=TopologyVersion{processId=68e3f64efe959234868b6c3c, counter=6}, lastWriteDate=Wed Oct 08 17:07:30 CEST 2025, lastUpdateTimeNanos=1104636568524333}
2025-10-08T17:07:30.781+02:00  INFO 92316 --- [esi_media] [ngodb.net:27017] org.mongodb.driver.cluster               : Discovered replica set primary ac-pjxbwoi-shard-00-01.qtbnyf4.mongodb.net:27017 with max election id 7fffffff0000000000000290 and max set version 146
2025-10-08T17:08:11.172+02:00  INFO 92316 --- [esi_media] [nio-8080-exec-1] o.a.c.c.C.[Tomcat].[localhost].[/]       : Initializing Spring DispatcherServlet 'dispatcherServlet'
2025-10-08T17:08:11.175+02:00  INFO 92316 --- [esi_media] [nio-8080-exec-1] o.s.web.servlet.DispatcherServlet        : Initializing Servlet 'dispatcherServlet'
2025-10-08T17:08:11.176+02:00  INFO 92316 --- [esi_media] [nio-8080-exec-1] o.s.web.servlet.DispatcherServlet        : Completed initialization in 1 ms
2025-10-08T17:10:00.852+02:00  INFO 92316 --- [esi_media] [ionShutdownHook] o.s.b.w.e.tomcat.GracefulShutdown        : Commencing graceful shutdown. Waiting for active requests to complete
2025-10-08T17:10:00.878+02:00  INFO 92316 --- [esi_media] [tomcat-shutdown] o.s.b.w.e.tomcat.GracefulShutdown        : Graceful shutdown complete
